<?xml version="1.0" encoding="UTF-8"?>
<!-- Generated by org.testng.reporters.JUnitXMLReporter -->
<testsuite ignored="0" hostname="DESKTOP-7SUM208" failures="0" tests="13" name="chrometest" time="232.14" errors="0" timestamp="2025-08-16T10:48:33 IST">
  <testcase classname="testCases.TC001_SignInTest" name="verify_signin" time="0.006"/>
  <testcase classname="testCases.TC002_SigninDDT" name="verify_signinDDT" time="13.934"/>
  <testcase classname="testCases.TC002_SigninDDT" name="verify_signinDDT" time="17.189"/>
  <testcase classname="testCases.TC002_SigninDDT" name="verify_signinDDT" time="16.958"/>
  <testcase classname="testCases.TC002_SigninDDT" name="verify_signinDDT" time="16.877"/>
  <testcase classname="testCases.TC002_SigninDDT" name="verify_signinDDT" time="13.193"/>
  <testcase classname="testCases.TC003_SearchSearvice" name="search" time="2.276"/>
  <testcase classname="testCases.TC004_ProfilePage" name="profilePage" time="1.189"/>
  <testcase classname="testCases.TC005_MyRequestPage" name="myRequest" time="1.039"/>
  <testcase classname="testCases.TC006_PaymentHistoryPage" name="paymentHistory" time="1.158"/>
  <testcase classname="testCases.TC007_PaymentPage" name="paymentPage" time="1.853"/>
  <testcase classname="testCases.TC008_ContactUsPage" name="verify_ContactUs" time="1.512"/>
  <testcase classname="testCases.TC012_NearMePage" name="verify_signin" time="0.91"/>
</testsuite> <!-- chrometest -->
