<?xml version="1.0" encoding="UTF-8"?>
<!-- Generated by org.testng.reporters.JUnitXMLReporter -->
<testsuite ignored="0" hostname="DESKTOP-7SUM208" failures="0" tests="13" name="edgetest" time="203.731" errors="0" timestamp="2025-08-05T11:19:16 IST">
  <testcase classname="testCases.TC001_SignInTest" name="verify_signin" time="0.0">
    <skipped/>
  </testcase> <!-- verify_signin -->
  <testcase classname="testCases.TC002_SigninDDT" name="verify_signinDDT" time="16.449"/>
  <testcase classname="testCases.TC002_SigninDDT" name="verify_signinDDT" time="15.599"/>
  <testcase classname="testCases.TC002_SigninDDT" name="verify_signinDDT" time="15.554"/>
  <testcase classname="testCases.TC002_SigninDDT" name="verify_signinDDT" time="15.575"/>
  <testcase classname="testCases.TC002_SigninDDT" name="verify_signinDDT" time="15.566"/>
  <testcase classname="testCases.TC003_SearchSearvice" name="search" time="0.0">
    <skipped/>
  </testcase> <!-- search -->
  <testcase classname="testCases.TC004_ProfilePage" name="profilePage" time="0.0">
    <skipped/>
  </testcase> <!-- profilePage -->
  <testcase classname="testCases.TC005_MyRequestPage" name="myRequest" time="0.0">
    <skipped/>
  </testcase> <!-- myRequest -->
  <testcase classname="testCases.TC006_PaymentHistoryPage" name="paymentHistory" time="0.0">
    <skipped/>
  </testcase> <!-- paymentHistory -->
  <testcase classname="testCases.TC007_PaymentPage" name="paymentPage" time="0.0">
    <skipped/>
  </testcase> <!-- paymentPage -->
  <testcase classname="testCases.TC008_ContactUsPage" name="verify_ContactUs" time="0.0">
    <skipped/>
  </testcase> <!-- verify_ContactUs -->
  <testcase classname="testCases.TC012_NearMePage" name="verify_signin" time="0.26"/>
</testsuite> <!-- edgetest -->
