<?xml version="1.0" encoding="UTF-8"?>
<!-- Generated by org.testng.reporters.JUnitXMLReporter -->
<testsuite ignored="0" hostname="DESKTOP-7SUM208" failures="0" tests="1" name="Test" time="6.821" errors="0" timestamp="2025-08-12T10:43:22 IST">
  <testcase classname="testBase.BaseClass" name="@BeforeMethod login" time="0.987">
    <failure type="java.lang.NoClassDefFoundError" message="pageObjects/HomePage">
      <![CDATA[java.lang.NoClassDefFoundError: pageObjects/HomePage
at testBase.BaseClass.login(BaseClass.java:107)
at java.base/java.util.ArrayList.forEach(ArrayList.java:1511)
Caused by: java.lang.ClassNotFoundException: pageObjects.HomePage
at java.base/jdk.internal.loader.BuiltinClassLoader.loadClass(BuiltinClassLoader.java:641)
at java.base/jdk.internal.loader.ClassLoaders$AppClassLoader.loadClass(ClassLoaders.java:188)
at java.base/java.lang.ClassLoader.loadClass(ClassLoader.java:525)
... 37 more
... Removed 35 stack frames]]>
    </failure>
  </testcase> <!-- @BeforeMethod login -->
  <testcase classname="testBase.BaseClass" name="@AfterMethod logout" time="0.0">
    <skipped/>
  </testcase> <!-- @AfterMethod logout -->
  <testcase classname="testBase.BaseClass" name="@AfterClass teardown" time="0.0">
    <skipped/>
  </testcase> <!-- @AfterClass teardown -->
  <testcase classname="testCases.TC008_ContactUsPage" name="verify_ContactUs" time="0.002">
    <skipped/>
  </testcase> <!-- verify_ContactUs -->
</testsuite> <!-- Test -->
