<?xml version="1.0" encoding="UTF-8"?>
<testng-results ignored="0" total="1" passed="1" failed="0" skipped="0">
  <reporter-output>
    <line>
      <![CDATA[Browser got launched...]]>
    </line>
    <line>
      <![CDATA[Clicked on Profile logo...]]>
    </line>
    <line>
      <![CDATA[Providing moblile number...]]>
    </line>
    <line>
      <![CDATA[Providing OTP...]]>
    </line>
    <line>
      <![CDATA[Validating expected message...]]>
    </line>
    <line>
      <![CDATA[Succefully naviget to Home page...]]>
    </line>
    <line>
      <![CDATA[******* Starting TC005_MyRequest ******]]>
    </line>
    <line>
      <![CDATA[Click on Profile Loga...]]>
    </line>
    <line>
      <![CDATA[Click on My Request Link...]]>
    </line>
    <line>
      <![CDATA[Validating expected page...]]>
    </line>
    <line>
      <![CDATA[******* Fineshed TC005_MyRequest ******]]>
    </line>
    <line>
      <![CDATA[Logout successfull...]]>
    </line>
    <line>
      <![CDATA[Browser got closed...]]>
    </line>
  </reporter-output>
  <suite started-at="2025-09-12T13:25:28 IST" name="Suite" finished-at="2025-09-12T13:25:39 IST" duration-ms="10658">
    <groups>
    </groups>
    <test started-at="2025-09-12T13:25:28 IST" name="chrometest" finished-at="2025-09-12T13:25:39 IST" duration-ms="10658">
      <class name="testCases.TC005_MyRequestPage">
        <test-method is-config="true" signature="setup(java.lang.String,java.lang.String)[pri:0, instance:testCases.TC005_MyRequestPage@7862f56]" started-at="2025-09-12T13:25:28 IST" name="setup" finished-at="2025-09-12T13:25:30 IST" duration-ms="1826" status="PASS">
          <params>
            <param index="0">
              <value>
                <![CDATA[Windows]]>
              </value>
            </param>
            <param index="1">
              <value>
                <![CDATA[chrome]]>
              </value>
            </param>
          </params>
          <reporter-output>
            <line>
              <![CDATA[Browser got launched...]]>
            </line>
          </reporter-output>
        </test-method> <!-- setup -->
        <test-method is-config="true" signature="login()[pri:0, instance:testCases.TC005_MyRequestPage@7862f56]" started-at="2025-09-12T13:25:30 IST" name="login" finished-at="2025-09-12T13:25:37 IST" duration-ms="6356" status="PASS">
          <reporter-output>
            <line>
              <![CDATA[Clicked on Profile logo...]]>
            </line>
            <line>
              <![CDATA[Providing moblile number...]]>
            </line>
            <line>
              <![CDATA[Providing OTP...]]>
            </line>
            <line>
              <![CDATA[Validating expected message...]]>
            </line>
            <line>
              <![CDATA[Succefully naviget to Home page...]]>
            </line>
          </reporter-output>
        </test-method> <!-- login -->
        <test-method signature="myRequest()[pri:0, instance:testCases.TC005_MyRequestPage@7862f56]" started-at="2025-09-12T13:25:37 IST" name="myRequest" finished-at="2025-09-12T13:25:37 IST" duration-ms="666" status="PASS">
          <reporter-output>
            <line>
              <![CDATA[******* Starting TC005_MyRequest ******]]>
            </line>
            <line>
              <![CDATA[Click on Profile Loga...]]>
            </line>
            <line>
              <![CDATA[Click on My Request Link...]]>
            </line>
            <line>
              <![CDATA[Validating expected page...]]>
            </line>
            <line>
              <![CDATA[******* Fineshed TC005_MyRequest ******]]>
            </line>
          </reporter-output>
        </test-method> <!-- myRequest -->
        <test-method is-config="true" signature="logout()[pri:0, instance:testCases.TC005_MyRequestPage@7862f56]" started-at="2025-09-12T13:25:37 IST" name="logout" finished-at="2025-09-12T13:25:38 IST" duration-ms="1091" status="PASS">
          <reporter-output>
            <line>
              <![CDATA[Logout successfull...]]>
            </line>
          </reporter-output>
        </test-method> <!-- logout -->
        <test-method is-config="true" signature="teardown()[pri:0, instance:testCases.TC005_MyRequestPage@7862f56]" started-at="2025-09-12T13:25:38 IST" name="teardown" finished-at="2025-09-12T13:25:39 IST" duration-ms="373" status="PASS">
          <reporter-output>
            <line>
              <![CDATA[Browser got closed...]]>
            </line>
          </reporter-output>
        </test-method> <!-- teardown -->
      </class> <!-- testCases.TC005_MyRequestPage -->
    </test> <!-- chrometest -->
  </suite> <!-- Suite -->
</testng-results>
