<?xml version="1.0" encoding="UTF-8"?>
<testsuite xmlns:xsi="http://www.w3.org/2001/XMLSchema-instance" xsi:noNamespaceSchemaLocation="https://maven.apache.org/surefire/maven-surefire-plugin/xsd/surefire-test-report.xsd" version="3.0.2" name="TestSuite" time="194.519" tests="13" errors="0" skipped="0" failures="0">
  <properties>
[...]
</properties>
  <testcase name="verify_signin" classname="testCases.TC001_SignInTest" time="0.016">
    <system-out><![CDATA[Browser got launched...
Successfully naviget to Hometriangle...
Clicked on Profile logo...
Providing moblile number...
Providing OTP...
Validating expected message...
succefully naviget to Home page...
]]></system-out>
    <system-err><![CDATA[Aug 28, 2025 1:46:21 PM org.openqa.selenium.devtools.CdpVersionFinder findNearestMatch
WARNING: Unable to find CDP implementation matching 139
Aug 28, 2025 1:46:21 PM org.openqa.selenium.chromium.ChromiumDriver lambda$new$4
WARNING: Unable to find version of CDP to use for 139.0.7258.139. You may need to include a dependency on a specific version of the CDP using something similar to `org.seleniumhq.selenium:selenium-devtools-v86:4.29.0` where the version ("v86") matches the version of the chromium-based browser you're using and the version number of the artifact is the same as Selenium's.
]]></system-err>
  </testcase>
  <testcase name="verify_signinDDT[9,999,999,999, 111,111, Valid](1)" classname="testCases.TC002_SigninDDT" time="11.889">
    <system-out><![CDATA[Logout successfull...
Browser got closed...
Browser got launched...
******* Starting TC002_SignInDDT ******
Clicked on Profile logo...
Providing moblile number...
Providing otp...
Validating expected message...
Login successfull...
******* Finished TC002_SignInDDT ******
]]></system-out>
    <system-err><![CDATA[Aug 28, 2025 1:46:36 PM org.openqa.selenium.devtools.CdpVersionFinder findNearestMatch
WARNING: Unable to find CDP implementation matching 139
Aug 28, 2025 1:46:36 PM org.openqa.selenium.chromium.ChromiumDriver lambda$new$4
WARNING: Unable to find version of CDP to use for 139.0.7258.139. You may need to include a dependency on a specific version of the CDP using something similar to `org.seleniumhq.selenium:selenium-devtools-v86:4.29.0` where the version ("v86") matches the version of the chromium-based browser you're using and the version number of the artifact is the same as Selenium's.
]]></system-err>
  </testcase>
  <testcase name="verify_signinDDT[9,078,930,623, 113,434, Invalid](2)" classname="testCases.TC002_SigninDDT" time="16.185">
    <system-out><![CDATA[******* Starting TC002_SignInDDT ******
Clicked on Profile logo...
Providing moblile number...
Providing otp...
Validating expected message...
Invalid creadential...
******* Finished TC002_SignInDDT ******
]]></system-out>
  </testcase>
  <testcase name="verify_signinDDT[8,575,645,364, 313,334, Invalid](3)" classname="testCases.TC002_SigninDDT" time="16.176">
    <system-out><![CDATA[******* Starting TC002_SignInDDT ******
Clicked on Profile logo...
Providing moblile number...
Providing otp...
Validating expected message...
Invalid creadential...
******* Finished TC002_SignInDDT ******
]]></system-out>
  </testcase>
  <testcase name="verify_signinDDT[7,465,787,747, 111,111, Invalid](4)" classname="testCases.TC002_SigninDDT" time="16.053">
    <system-out><![CDATA[******* Starting TC002_SignInDDT ******
Clicked on Profile logo...
Providing moblile number...
Providing otp...
Validating expected message...
Invalid creadential...
******* Finished TC002_SignInDDT ******
]]></system-out>
  </testcase>
  <testcase name="verify_signinDDT[9,999,999,999, 111,111, Valid](5)" classname="testCases.TC002_SigninDDT" time="11.838">
    <system-out><![CDATA[******* Starting TC002_SignInDDT ******
Clicked on Profile logo...
Providing moblile number...
Providing otp...
Validating expected message...
Login successfull...
******* Finished TC002_SignInDDT ******
]]></system-out>
  </testcase>
  <testcase name="search" classname="testCases.TC003_SearchSearvice" time="1.34">
    <system-out><![CDATA[Browser got closed...
Browser got launched...
Successfully naviget to Hometriangle...
Clicked on Profile logo...
Providing moblile number...
Providing OTP...
Validating expected message...
succefully naviget to Home page...
******* Starting TC003_SearchSearvice ******
Search for service...
Validating expected message...
successfully Naviget to House cleaning page...
******* Finshed TC003_SearchSearvice ******
]]></system-out>
    <system-err><![CDATA[Aug 28, 2025 1:47:53 PM org.openqa.selenium.devtools.CdpVersionFinder findNearestMatch
WARNING: Unable to find CDP implementation matching 139
Aug 28, 2025 1:47:53 PM org.openqa.selenium.chromium.ChromiumDriver lambda$new$4
WARNING: Unable to find version of CDP to use for 139.0.7258.139. You may need to include a dependency on a specific version of the CDP using something similar to `org.seleniumhq.selenium:selenium-devtools-v86:4.29.0` where the version ("v86") matches the version of the chromium-based browser you're using and the version number of the artifact is the same as Selenium's.
]]></system-err>
  </testcase>
  <testcase name="profilePage" classname="testCases.TC004_ProfilePage" time="0.695">
    <system-out><![CDATA[Logout successfull...
Browser got closed...
Browser got launched...
Successfully naviget to Hometriangle...
Clicked on Profile logo...
Providing moblile number...
Providing OTP...
Validating expected message...
succefully naviget to Home page...
******* Starting TC004_ProfilePage ******
Click on Profile Loga...
Click on Profile LInk...
Validate the expected page...
succefully naviget to Profile page ...
******* Finesghed TC004_ProfilePage ******
]]></system-out>
    <system-err><![CDATA[Aug 28, 2025 1:48:08 PM org.openqa.selenium.devtools.CdpVersionFinder findNearestMatch
WARNING: Unable to find CDP implementation matching 139
Aug 28, 2025 1:48:08 PM org.openqa.selenium.chromium.ChromiumDriver lambda$new$4
WARNING: Unable to find version of CDP to use for 139.0.7258.139. You may need to include a dependency on a specific version of the CDP using something similar to `org.seleniumhq.selenium:selenium-devtools-v86:4.29.0` where the version ("v86") matches the version of the chromium-based browser you're using and the version number of the artifact is the same as Selenium's.
]]></system-err>
  </testcase>
  <testcase name="myRequest" classname="testCases.TC005_MyRequestPage" time="0.719">
    <system-out><![CDATA[Logout successfull...
Browser got closed...
Browser got launched...
Successfully naviget to Hometriangle...
Clicked on Profile logo...
Providing moblile number...
Providing OTP...
Validating expected message...
succefully naviget to Home page...
******* Starting TC005_MyRequest ******
Click on Profile Loga...
Click on My Request Link...
Validating expected page...
successfully naviget to My request page ...
******* Fineshed TC005_MyRequest ******
]]></system-out>
    <system-err><![CDATA[Aug 28, 2025 1:48:24 PM org.openqa.selenium.devtools.CdpVersionFinder findNearestMatch
WARNING: Unable to find CDP implementation matching 139
Aug 28, 2025 1:48:24 PM org.openqa.selenium.chromium.ChromiumDriver lambda$new$4
WARNING: Unable to find version of CDP to use for 139.0.7258.139. You may need to include a dependency on a specific version of the CDP using something similar to `org.seleniumhq.selenium:selenium-devtools-v86:4.29.0` where the version ("v86") matches the version of the chromium-based browser you're using and the version number of the artifact is the same as Selenium's.
]]></system-err>
  </testcase>
  <testcase name="paymentHistory" classname="testCases.TC006_PaymentHistoryPage" time="0.71">
    <system-out><![CDATA[Logout successfull...
Browser got closed...
Browser got launched...
Successfully naviget to Hometriangle...
Clicked on Profile logo...
Providing moblile number...
Providing OTP...
Validating expected message...
succefully naviget to Home page...
****** Stated TC006_PaymentHistoryPage ******
Click on profile Logo...
Click on Payment History Page...
Validating expected page...
Successfully navigate to Payment History Page...
]]></system-out>
    <system-err><![CDATA[Aug 28, 2025 1:48:39 PM org.openqa.selenium.devtools.CdpVersionFinder findNearestMatch
WARNING: Unable to find CDP implementation matching 139
Aug 28, 2025 1:48:39 PM org.openqa.selenium.chromium.ChromiumDriver lambda$new$4
WARNING: Unable to find version of CDP to use for 139.0.7258.139. You may need to include a dependency on a specific version of the CDP using something similar to `org.seleniumhq.selenium:selenium-devtools-v86:4.29.0` where the version ("v86") matches the version of the chromium-based browser you're using and the version number of the artifact is the same as Selenium's.
]]></system-err>
  </testcase>
  <testcase name="paymentPage" classname="testCases.TC007_PaymentPage" time="1.228">
    <system-out><![CDATA[Logout successfull...
Browser got closed...
Browser got launched...
Successfully naviget to Hometriangle...
Clicked on Profile logo...
Providing moblile number...
Providing OTP...
Validating expected message...
succefully naviget to Home page...
****** Stated TC0007_PaymentPage *****
click on profile logo...
click on profile link...
Click on payment page link...
Validating expected page...
successfully navigate to Payment page...
****** Finshed TC0007_PaymentPage *****
]]></system-out>
    <system-err><![CDATA[Aug 28, 2025 1:48:54 PM org.openqa.selenium.devtools.CdpVersionFinder findNearestMatch
WARNING: Unable to find CDP implementation matching 139
Aug 28, 2025 1:48:54 PM org.openqa.selenium.chromium.ChromiumDriver lambda$new$4
WARNING: Unable to find version of CDP to use for 139.0.7258.139. You may need to include a dependency on a specific version of the CDP using something similar to `org.seleniumhq.selenium:selenium-devtools-v86:4.29.0` where the version ("v86") matches the version of the chromium-based browser you're using and the version number of the artifact is the same as Selenium's.
]]></system-err>
  </testcase>
  <testcase name="verify_ContactUs" classname="testCases.TC008_ContactUsPage" time="1.243">
    <system-out><![CDATA[Logout successfull...
Browser got closed...
Browser got launched...
Successfully naviget to Hometriangle...
Clicked on Profile logo...
Providing moblile number...
Providing OTP...
Validating expected message...
succefully naviget to Home page...
****** Stated TC008_ContactUsPage ******
Click to contactUs page...
Validating expected message...
Succefully neviget to ContactUs page...
****** fineshed TC008_ContactUsPage ******
]]></system-out>
    <system-err><![CDATA[Aug 28, 2025 1:49:10 PM org.openqa.selenium.devtools.CdpVersionFinder findNearestMatch
WARNING: Unable to find CDP implementation matching 139
Aug 28, 2025 1:49:10 PM org.openqa.selenium.chromium.ChromiumDriver lambda$new$4
WARNING: Unable to find version of CDP to use for 139.0.7258.139. You may need to include a dependency on a specific version of the CDP using something similar to `org.seleniumhq.selenium:selenium-devtools-v86:4.29.0` where the version ("v86") matches the version of the chromium-based browser you're using and the version number of the artifact is the same as Selenium's.
]]></system-err>
  </testcase>
  <testcase name="verify_signin" classname="testCases.TC012_NearMePage" time="0.23">
    <system-out><![CDATA[Logout successfull...
Browser got closed...
Browser got launched...
****** Stated TC012_NearMePage ******
Capture the Title...
Validate the title...
Successfully navigate to Near me page...
******* Finshed TC012_NearMePage ******
]]></system-out>
    <system-err><![CDATA[Aug 28, 2025 1:49:25 PM org.openqa.selenium.devtools.CdpVersionFinder findNearestMatch
WARNING: Unable to find CDP implementation matching 139
Aug 28, 2025 1:49:25 PM org.openqa.selenium.chromium.ChromiumDriver lambda$new$4
WARNING: Unable to find version of CDP to use for 139.0.7258.139. You may need to include a dependency on a specific version of the CDP using something similar to `org.seleniumhq.selenium:selenium-devtools-v86:4.29.0` where the version ("v86") matches the version of the chromium-based browser you're using and the version number of the artifact is the same as Selenium's.
]]></system-err>
  </testcase>
</testsuite>