<?xml version="1.0" encoding="UTF-8"?>
<testng-results ignored="0" total="11" passed="11" failed="0" skipped="0">
  <reporter-output>
    <line>
      <![CDATA[Browser got launched...]]>
    </line>
    <line>
      <![CDATA[Clicked on Profile logo...]]>
    </line>
    <line>
      <![CDATA[Providing moblile number...]]>
    </line>
    <line>
      <![CDATA[Providing OTP...]]>
    </line>
    <line>
      <![CDATA[Validating expected message...]]>
    </line>
    <line>
      <![CDATA[Succefully naviget to Home page...]]>
    </line>
    <line>
      <![CDATA[Logout successfull...]]>
    </line>
    <line>
      <![CDATA[Browser got closed...]]>
    </line>
    <line>
      <![CDATA[Browser got launched...]]>
    </line>
    <line>
      <![CDATA[******* Starting TC002_SignInDDT ******]]>
    </line>
    <line>
      <![CDATA[Clicked on Profile logo...]]>
    </line>
    <line>
      <![CDATA[Providing moblile number...]]>
    </line>
    <line>
      <![CDATA[Providing otp...]]>
    </line>
    <line>
      <![CDATA[Validating expected message...]]>
    </line>
    <line>
      <![CDATA[Login successfull...]]>
    </line>
    <line>
      <![CDATA[******* Finished TC002_SignInDDT ******]]>
    </line>
    <line>
      <![CDATA[******* Starting TC002_SignInDDT ******]]>
    </line>
    <line>
      <![CDATA[Clicked on Profile logo...]]>
    </line>
    <line>
      <![CDATA[Providing moblile number...]]>
    </line>
    <line>
      <![CDATA[Providing otp...]]>
    </line>
    <line>
      <![CDATA[Validating expected message...]]>
    </line>
    <line>
      <![CDATA[Invalid creadential...]]>
    </line>
    <line>
      <![CDATA[******* Finished TC002_SignInDDT ******]]>
    </line>
    <line>
      <![CDATA[******* Starting TC002_SignInDDT ******]]>
    </line>
    <line>
      <![CDATA[Clicked on Profile logo...]]>
    </line>
    <line>
      <![CDATA[Providing moblile number...]]>
    </line>
    <line>
      <![CDATA[Providing otp...]]>
    </line>
    <line>
      <![CDATA[Validating expected message...]]>
    </line>
    <line>
      <![CDATA[Invalid creadential...]]>
    </line>
    <line>
      <![CDATA[******* Finished TC002_SignInDDT ******]]>
    </line>
    <line>
      <![CDATA[******* Starting TC002_SignInDDT ******]]>
    </line>
    <line>
      <![CDATA[Clicked on Profile logo...]]>
    </line>
    <line>
      <![CDATA[Providing moblile number...]]>
    </line>
    <line>
      <![CDATA[Providing otp...]]>
    </line>
    <line>
      <![CDATA[Validating expected message...]]>
    </line>
    <line>
      <![CDATA[Invalid creadential...]]>
    </line>
    <line>
      <![CDATA[******* Finished TC002_SignInDDT ******]]>
    </line>
    <line>
      <![CDATA[******* Starting TC002_SignInDDT ******]]>
    </line>
    <line>
      <![CDATA[Clicked on Profile logo...]]>
    </line>
    <line>
      <![CDATA[Providing moblile number...]]>
    </line>
    <line>
      <![CDATA[Providing otp...]]>
    </line>
    <line>
      <![CDATA[Validating expected message...]]>
    </line>
    <line>
      <![CDATA[Login successfull...]]>
    </line>
    <line>
      <![CDATA[******* Finished TC002_SignInDDT ******]]>
    </line>
    <line>
      <![CDATA[Browser got closed...]]>
    </line>
    <line>
      <![CDATA[Browser got launched...]]>
    </line>
    <line>
      <![CDATA[Clicked on Profile logo...]]>
    </line>
    <line>
      <![CDATA[Providing moblile number...]]>
    </line>
    <line>
      <![CDATA[Providing OTP...]]>
    </line>
    <line>
      <![CDATA[Validating expected message...]]>
    </line>
    <line>
      <![CDATA[Succefully naviget to Home page...]]>
    </line>
    <line>
      <![CDATA[******* Starting TC003_SearchSearvice ******]]>
    </line>
    <line>
      <![CDATA[Search for service...]]>
    </line>
    <line>
      <![CDATA[Validating expected message...]]>
    </line>
    <line>
      <![CDATA[******* Finshed TC003_SearchSearvice ******]]>
    </line>
    <line>
      <![CDATA[Logout successfull...]]>
    </line>
    <line>
      <![CDATA[Browser got closed...]]>
    </line>
    <line>
      <![CDATA[Browser got launched...]]>
    </line>
    <line>
      <![CDATA[Clicked on Profile logo...]]>
    </line>
    <line>
      <![CDATA[Providing moblile number...]]>
    </line>
    <line>
      <![CDATA[Providing OTP...]]>
    </line>
    <line>
      <![CDATA[Validating expected message...]]>
    </line>
    <line>
      <![CDATA[Succefully naviget to Home page...]]>
    </line>
    <line>
      <![CDATA[******* Starting TC004_ProfilePage ******]]>
    </line>
    <line>
      <![CDATA[Click on Profile Loga...]]>
    </line>
    <line>
      <![CDATA[Click on Profile LInk...]]>
    </line>
    <line>
      <![CDATA[Validate the expected page...]]>
    </line>
    <line>
      <![CDATA[******* Finesghed TC004_ProfilePage ******]]>
    </line>
    <line>
      <![CDATA[Logout successfull...]]>
    </line>
    <line>
      <![CDATA[Browser got closed...]]>
    </line>
    <line>
      <![CDATA[Browser got launched...]]>
    </line>
    <line>
      <![CDATA[Clicked on Profile logo...]]>
    </line>
    <line>
      <![CDATA[Providing moblile number...]]>
    </line>
    <line>
      <![CDATA[Providing OTP...]]>
    </line>
    <line>
      <![CDATA[Validating expected message...]]>
    </line>
    <line>
      <![CDATA[Succefully naviget to Home page...]]>
    </line>
    <line>
      <![CDATA[******* Starting TC005_MyRequest ******]]>
    </line>
    <line>
      <![CDATA[Click on Profile Loga...]]>
    </line>
    <line>
      <![CDATA[Click on My Request Link...]]>
    </line>
    <line>
      <![CDATA[Validating expected page...]]>
    </line>
    <line>
      <![CDATA[******* Fineshed TC005_MyRequest ******]]>
    </line>
    <line>
      <![CDATA[Logout successfull...]]>
    </line>
    <line>
      <![CDATA[Browser got closed...]]>
    </line>
    <line>
      <![CDATA[Browser got launched...]]>
    </line>
    <line>
      <![CDATA[Clicked on Profile logo...]]>
    </line>
    <line>
      <![CDATA[Providing moblile number...]]>
    </line>
    <line>
      <![CDATA[Providing OTP...]]>
    </line>
    <line>
      <![CDATA[Validating expected message...]]>
    </line>
    <line>
      <![CDATA[Succefully naviget to Home page...]]>
    </line>
    <line>
      <![CDATA[****** Stated TC008_ContactUsPage ******]]>
    </line>
    <line>
      <![CDATA[Click to contactUs page...]]>
    </line>
    <line>
      <![CDATA[Validating expected message...]]>
    </line>
    <line>
      <![CDATA[****** fineshed TC008_ContactUsPage ******]]>
    </line>
    <line>
      <![CDATA[Logout successfull...]]>
    </line>
    <line>
      <![CDATA[Browser got closed...]]>
    </line>
    <line>
      <![CDATA[Browser got launched...]]>
    </line>
    <line>
      <![CDATA[****** Stated TC012_NearMePage ******]]>
    </line>
    <line>
      <![CDATA[Capture the Title...]]>
    </line>
    <line>
      <![CDATA[Validate the title...]]>
    </line>
    <line>
      <![CDATA[Successfully navigate to Near me page...]]>
    </line>
    <line>
      <![CDATA[******* Finshed TC012_NearMePage ******]]>
    </line>
  </reporter-output>
  <suite started-at="2025-10-07T11:53:01 IST" name="Suite" finished-at="2025-10-07T11:55:27 IST" duration-ms="145634">
    <groups>
    </groups>
    <test started-at="2025-10-07T11:53:01 IST" name="chrometest" finished-at="2025-10-07T11:55:27 IST" duration-ms="145634">
      <class name="testCases.TC012_NearMePage">
        <test-method is-config="true" signature="setup(java.lang.String,java.lang.String)[pri:0, instance:testCases.TC012_NearMePage@7241a47d]" started-at="2025-10-07T11:55:24 IST" name="setup" finished-at="2025-10-07T11:55:27 IST" duration-ms="2532" status="PASS">
          <params>
            <param index="0">
              <value>
                <![CDATA[Windows]]>
              </value>
            </param>
            <param index="1">
              <value>
                <![CDATA[chrome]]>
              </value>
            </param>
          </params>
          <reporter-output>
            <line>
              <![CDATA[Browser got launched...]]>
            </line>
          </reporter-output>
        </test-method> <!-- setup -->
        <test-method signature="verify_signin()[pri:0, instance:testCases.TC012_NearMePage@7241a47d]" started-at="2025-10-07T11:55:27 IST" name="verify_signin" finished-at="2025-10-07T11:55:27 IST" duration-ms="352" status="PASS">
          <reporter-output>
            <line>
              <![CDATA[****** Stated TC012_NearMePage ******]]>
            </line>
            <line>
              <![CDATA[Capture the Title...]]>
            </line>
            <line>
              <![CDATA[Validate the title...]]>
            </line>
            <line>
              <![CDATA[Successfully navigate to Near me page...]]>
            </line>
            <line>
              <![CDATA[******* Finshed TC012_NearMePage ******]]>
            </line>
          </reporter-output>
        </test-method> <!-- verify_signin -->
      </class> <!-- testCases.TC012_NearMePage -->
      <class name="testCases.TC002_SigninDDT">
        <test-method is-config="true" signature="setup(java.lang.String,java.lang.String)[pri:0, instance:testCases.TC002_SigninDDT@61a88b8c]" started-at="2025-10-07T11:53:20 IST" name="setup" finished-at="2025-10-07T11:53:23 IST" duration-ms="2787" status="PASS">
          <params>
            <param index="0">
              <value>
                <![CDATA[Windows]]>
              </value>
            </param>
            <param index="1">
              <value>
                <![CDATA[chrome]]>
              </value>
            </param>
          </params>
          <reporter-output>
            <line>
              <![CDATA[Browser got launched...]]>
            </line>
          </reporter-output>
        </test-method> <!-- setup -->
        <test-method signature="verify_signinDDT(java.lang.String,java.lang.String,java.lang.String)[pri:0, instance:testCases.TC002_SigninDDT@61a88b8c]" started-at="2025-10-07T11:53:25 IST" name="verify_signinDDT" data-provider="LoginData" finished-at="2025-10-07T11:53:35 IST" duration-ms="10147" status="PASS">
          <params>
            <param index="0">
              <value>
                <![CDATA[9,999,999,999]]>
              </value>
            </param>
            <param index="1">
              <value>
                <![CDATA[111,111]]>
              </value>
            </param>
            <param index="2">
              <value>
                <![CDATA[Valid]]>
              </value>
            </param>
          </params>
          <reporter-output>
            <line>
              <![CDATA[******* Starting TC002_SignInDDT ******]]>
            </line>
            <line>
              <![CDATA[Clicked on Profile logo...]]>
            </line>
            <line>
              <![CDATA[Providing moblile number...]]>
            </line>
            <line>
              <![CDATA[Providing otp...]]>
            </line>
            <line>
              <![CDATA[Validating expected message...]]>
            </line>
            <line>
              <![CDATA[Login successfull...]]>
            </line>
            <line>
              <![CDATA[******* Finished TC002_SignInDDT ******]]>
            </line>
          </reporter-output>
        </test-method> <!-- verify_signinDDT -->
        <test-method signature="verify_signinDDT(java.lang.String,java.lang.String,java.lang.String)[pri:0, instance:testCases.TC002_SigninDDT@61a88b8c]" started-at="2025-10-07T11:53:35 IST" name="verify_signinDDT" data-provider="LoginData" finished-at="2025-10-07T11:53:51 IST" duration-ms="15631" status="PASS">
          <params>
            <param index="0">
              <value>
                <![CDATA[9,078,930,623]]>
              </value>
            </param>
            <param index="1">
              <value>
                <![CDATA[113,434]]>
              </value>
            </param>
            <param index="2">
              <value>
                <![CDATA[Invalid]]>
              </value>
            </param>
          </params>
          <reporter-output>
            <line>
              <![CDATA[******* Starting TC002_SignInDDT ******]]>
            </line>
            <line>
              <![CDATA[Clicked on Profile logo...]]>
            </line>
            <line>
              <![CDATA[Providing moblile number...]]>
            </line>
            <line>
              <![CDATA[Providing otp...]]>
            </line>
            <line>
              <![CDATA[Validating expected message...]]>
            </line>
            <line>
              <![CDATA[Invalid creadential...]]>
            </line>
            <line>
              <![CDATA[******* Finished TC002_SignInDDT ******]]>
            </line>
          </reporter-output>
        </test-method> <!-- verify_signinDDT -->
        <test-method signature="verify_signinDDT(java.lang.String,java.lang.String,java.lang.String)[pri:0, instance:testCases.TC002_SigninDDT@61a88b8c]" started-at="2025-10-07T11:53:51 IST" name="verify_signinDDT" data-provider="LoginData" finished-at="2025-10-07T11:54:06 IST" duration-ms="15144" status="PASS">
          <params>
            <param index="0">
              <value>
                <![CDATA[8,575,645,364]]>
              </value>
            </param>
            <param index="1">
              <value>
                <![CDATA[313,334]]>
              </value>
            </param>
            <param index="2">
              <value>
                <![CDATA[Invalid]]>
              </value>
            </param>
          </params>
          <reporter-output>
            <line>
              <![CDATA[******* Starting TC002_SignInDDT ******]]>
            </line>
            <line>
              <![CDATA[Clicked on Profile logo...]]>
            </line>
            <line>
              <![CDATA[Providing moblile number...]]>
            </line>
            <line>
              <![CDATA[Providing otp...]]>
            </line>
            <line>
              <![CDATA[Validating expected message...]]>
            </line>
            <line>
              <![CDATA[Invalid creadential...]]>
            </line>
            <line>
              <![CDATA[******* Finished TC002_SignInDDT ******]]>
            </line>
          </reporter-output>
        </test-method> <!-- verify_signinDDT -->
        <test-method signature="verify_signinDDT(java.lang.String,java.lang.String,java.lang.String)[pri:0, instance:testCases.TC002_SigninDDT@61a88b8c]" started-at="2025-10-07T11:54:06 IST" name="verify_signinDDT" data-provider="LoginData" finished-at="2025-10-07T11:54:21 IST" duration-ms="15154" status="PASS">
          <params>
            <param index="0">
              <value>
                <![CDATA[7,465,787,747]]>
              </value>
            </param>
            <param index="1">
              <value>
                <![CDATA[111,111]]>
              </value>
            </param>
            <param index="2">
              <value>
                <![CDATA[Invalid]]>
              </value>
            </param>
          </params>
          <reporter-output>
            <line>
              <![CDATA[******* Starting TC002_SignInDDT ******]]>
            </line>
            <line>
              <![CDATA[Clicked on Profile logo...]]>
            </line>
            <line>
              <![CDATA[Providing moblile number...]]>
            </line>
            <line>
              <![CDATA[Providing otp...]]>
            </line>
            <line>
              <![CDATA[Validating expected message...]]>
            </line>
            <line>
              <![CDATA[Invalid creadential...]]>
            </line>
            <line>
              <![CDATA[******* Finished TC002_SignInDDT ******]]>
            </line>
          </reporter-output>
        </test-method> <!-- verify_signinDDT -->
        <test-method signature="verify_signinDDT(java.lang.String,java.lang.String,java.lang.String)[pri:0, instance:testCases.TC002_SigninDDT@61a88b8c]" started-at="2025-10-07T11:54:21 IST" name="verify_signinDDT" data-provider="LoginData" finished-at="2025-10-07T11:54:31 IST" duration-ms="9742" status="PASS">
          <params>
            <param index="0">
              <value>
                <![CDATA[9,999,999,999]]>
              </value>
            </param>
            <param index="1">
              <value>
                <![CDATA[111,111]]>
              </value>
            </param>
            <param index="2">
              <value>
                <![CDATA[Valid]]>
              </value>
            </param>
          </params>
          <reporter-output>
            <line>
              <![CDATA[******* Starting TC002_SignInDDT ******]]>
            </line>
            <line>
              <![CDATA[Clicked on Profile logo...]]>
            </line>
            <line>
              <![CDATA[Providing moblile number...]]>
            </line>
            <line>
              <![CDATA[Providing otp...]]>
            </line>
            <line>
              <![CDATA[Validating expected message...]]>
            </line>
            <line>
              <![CDATA[Login successfull...]]>
            </line>
            <line>
              <![CDATA[******* Finished TC002_SignInDDT ******]]>
            </line>
          </reporter-output>
        </test-method> <!-- verify_signinDDT -->
        <test-method is-config="true" signature="teardown()[pri:0, instance:testCases.TC002_SigninDDT@61a88b8c]" started-at="2025-10-07T11:54:31 IST" name="teardown" finished-at="2025-10-07T11:54:31 IST" duration-ms="289" status="PASS">
          <reporter-output>
            <line>
              <![CDATA[Browser got closed...]]>
            </line>
          </reporter-output>
        </test-method> <!-- teardown -->
      </class> <!-- testCases.TC002_SigninDDT -->
      <class name="testCases.TC008_ContactUsPage">
        <test-method is-config="true" signature="setup(java.lang.String,java.lang.String)[pri:0, instance:testCases.TC008_ContactUsPage@1a760689]" started-at="2025-10-07T11:55:10 IST" name="setup" finished-at="2025-10-07T11:55:11 IST" duration-ms="1022" status="PASS">
          <params>
            <param index="0">
              <value>
                <![CDATA[Windows]]>
              </value>
            </param>
            <param index="1">
              <value>
                <![CDATA[chrome]]>
              </value>
            </param>
          </params>
          <reporter-output>
            <line>
              <![CDATA[Browser got launched...]]>
            </line>
          </reporter-output>
        </test-method> <!-- setup -->
        <test-method is-config="true" signature="login()[pri:0, instance:testCases.TC008_ContactUsPage@1a760689]" started-at="2025-10-07T11:55:11 IST" name="login" finished-at="2025-10-07T11:55:21 IST" duration-ms="9937" status="PASS">
          <reporter-output>
            <line>
              <![CDATA[Clicked on Profile logo...]]>
            </line>
            <line>
              <![CDATA[Providing moblile number...]]>
            </line>
            <line>
              <![CDATA[Providing OTP...]]>
            </line>
            <line>
              <![CDATA[Validating expected message...]]>
            </line>
            <line>
              <![CDATA[Succefully naviget to Home page...]]>
            </line>
          </reporter-output>
        </test-method> <!-- login -->
        <test-method signature="verify_ContactUs()[pri:0, instance:testCases.TC008_ContactUsPage@1a760689]" started-at="2025-10-07T11:55:21 IST" name="verify_ContactUs" finished-at="2025-10-07T11:55:23 IST" duration-ms="1404" status="PASS">
          <reporter-output>
            <line>
              <![CDATA[****** Stated TC008_ContactUsPage ******]]>
            </line>
            <line>
              <![CDATA[Click to contactUs page...]]>
            </line>
            <line>
              <![CDATA[Validating expected message...]]>
            </line>
            <line>
              <![CDATA[****** fineshed TC008_ContactUsPage ******]]>
            </line>
          </reporter-output>
        </test-method> <!-- verify_ContactUs -->
        <test-method is-config="true" signature="logout()[pri:0, instance:testCases.TC008_ContactUsPage@1a760689]" started-at="2025-10-07T11:55:23 IST" name="logout" finished-at="2025-10-07T11:55:24 IST" duration-ms="1113" status="PASS">
          <reporter-output>
            <line>
              <![CDATA[Logout successfull...]]>
            </line>
          </reporter-output>
        </test-method> <!-- logout -->
        <test-method is-config="true" signature="teardown()[pri:0, instance:testCases.TC008_ContactUsPage@1a760689]" started-at="2025-10-07T11:55:24 IST" name="teardown" finished-at="2025-10-07T11:55:24 IST" duration-ms="399" status="PASS">
          <reporter-output>
            <line>
              <![CDATA[Browser got closed...]]>
            </line>
          </reporter-output>
        </test-method> <!-- teardown -->
      </class> <!-- testCases.TC008_ContactUsPage -->
      <class name="testCases.TC005_MyRequestPage">
        <test-method is-config="true" signature="setup(java.lang.String,java.lang.String)[pri:0, instance:testCases.TC005_MyRequestPage@3f270e0a]" started-at="2025-10-07T11:54:57 IST" name="setup" finished-at="2025-10-07T11:54:58 IST" duration-ms="1071" status="PASS">
          <params>
            <param index="0">
              <value>
                <![CDATA[Windows]]>
              </value>
            </param>
            <param index="1">
              <value>
                <![CDATA[chrome]]>
              </value>
            </param>
          </params>
          <reporter-output>
            <line>
              <![CDATA[Browser got launched...]]>
            </line>
          </reporter-output>
        </test-method> <!-- setup -->
        <test-method is-config="true" signature="login()[pri:0, instance:testCases.TC005_MyRequestPage@3f270e0a]" started-at="2025-10-07T11:54:58 IST" name="login" finished-at="2025-10-07T11:55:08 IST" duration-ms="9585" status="PASS">
          <reporter-output>
            <line>
              <![CDATA[Clicked on Profile logo...]]>
            </line>
            <line>
              <![CDATA[Providing moblile number...]]>
            </line>
            <line>
              <![CDATA[Providing OTP...]]>
            </line>
            <line>
              <![CDATA[Validating expected message...]]>
            </line>
            <line>
              <![CDATA[Succefully naviget to Home page...]]>
            </line>
          </reporter-output>
        </test-method> <!-- login -->
        <test-method signature="myRequest()[pri:0, instance:testCases.TC005_MyRequestPage@3f270e0a]" started-at="2025-10-07T11:55:08 IST" name="myRequest" finished-at="2025-10-07T11:55:09 IST" duration-ms="770" status="PASS">
          <reporter-output>
            <line>
              <![CDATA[******* Starting TC005_MyRequest ******]]>
            </line>
            <line>
              <![CDATA[Click on Profile Loga...]]>
            </line>
            <line>
              <![CDATA[Click on My Request Link...]]>
            </line>
            <line>
              <![CDATA[Validating expected page...]]>
            </line>
            <line>
              <![CDATA[******* Fineshed TC005_MyRequest ******]]>
            </line>
          </reporter-output>
        </test-method> <!-- myRequest -->
        <test-method is-config="true" signature="logout()[pri:0, instance:testCases.TC005_MyRequestPage@3f270e0a]" started-at="2025-10-07T11:55:09 IST" name="logout" finished-at="2025-10-07T11:55:10 IST" duration-ms="1009" status="PASS">
          <reporter-output>
            <line>
              <![CDATA[Logout successfull...]]>
            </line>
          </reporter-output>
        </test-method> <!-- logout -->
        <test-method is-config="true" signature="teardown()[pri:0, instance:testCases.TC005_MyRequestPage@3f270e0a]" started-at="2025-10-07T11:55:10 IST" name="teardown" finished-at="2025-10-07T11:55:10 IST" duration-ms="507" status="PASS">
          <reporter-output>
            <line>
              <![CDATA[Browser got closed...]]>
            </line>
          </reporter-output>
        </test-method> <!-- teardown -->
      </class> <!-- testCases.TC005_MyRequestPage -->
      <class name="testCases.TC004_ProfilePage">
        <test-method is-config="true" signature="setup(java.lang.String,java.lang.String)[pri:0, instance:testCases.TC004_ProfilePage@5adb0db3]" started-at="2025-10-07T11:54:44 IST" name="setup" finished-at="2025-10-07T11:54:45 IST" duration-ms="1125" status="PASS">
          <params>
            <param index="0">
              <value>
                <![CDATA[Windows]]>
              </value>
            </param>
            <param index="1">
              <value>
                <![CDATA[chrome]]>
              </value>
            </param>
          </params>
          <reporter-output>
            <line>
              <![CDATA[Browser got launched...]]>
            </line>
          </reporter-output>
        </test-method> <!-- setup -->
        <test-method is-config="true" signature="login()[pri:0, instance:testCases.TC004_ProfilePage@5adb0db3]" started-at="2025-10-07T11:54:45 IST" name="login" finished-at="2025-10-07T11:54:55 IST" duration-ms="9687" status="PASS">
          <reporter-output>
            <line>
              <![CDATA[Clicked on Profile logo...]]>
            </line>
            <line>
              <![CDATA[Providing moblile number...]]>
            </line>
            <line>
              <![CDATA[Providing OTP...]]>
            </line>
            <line>
              <![CDATA[Validating expected message...]]>
            </line>
            <line>
              <![CDATA[Succefully naviget to Home page...]]>
            </line>
          </reporter-output>
        </test-method> <!-- login -->
        <test-method signature="profilePage()[pri:0, instance:testCases.TC004_ProfilePage@5adb0db3]" started-at="2025-10-07T11:54:55 IST" name="profilePage" finished-at="2025-10-07T11:54:56 IST" duration-ms="662" status="PASS">
          <reporter-output>
            <line>
              <![CDATA[******* Starting TC004_ProfilePage ******]]>
            </line>
            <line>
              <![CDATA[Click on Profile Loga...]]>
            </line>
            <line>
              <![CDATA[Click on Profile LInk...]]>
            </line>
            <line>
              <![CDATA[Validate the expected page...]]>
            </line>
            <line>
              <![CDATA[******* Finesghed TC004_ProfilePage ******]]>
            </line>
          </reporter-output>
        </test-method> <!-- profilePage -->
        <test-method is-config="true" signature="logout()[pri:0, instance:testCases.TC004_ProfilePage@5adb0db3]" started-at="2025-10-07T11:54:56 IST" name="logout" finished-at="2025-10-07T11:54:57 IST" duration-ms="1109" status="PASS">
          <reporter-output>
            <line>
              <![CDATA[Logout successfull...]]>
            </line>
          </reporter-output>
        </test-method> <!-- logout -->
        <test-method is-config="true" signature="teardown()[pri:0, instance:testCases.TC004_ProfilePage@5adb0db3]" started-at="2025-10-07T11:54:57 IST" name="teardown" finished-at="2025-10-07T11:54:57 IST" duration-ms="488" status="PASS">
          <reporter-output>
            <line>
              <![CDATA[Browser got closed...]]>
            </line>
          </reporter-output>
        </test-method> <!-- teardown -->
      </class> <!-- testCases.TC004_ProfilePage -->
      <class name="testCases.TC001_SignInTest">
        <test-method is-config="true" signature="setup(java.lang.String,java.lang.String)[pri:0, instance:testCases.TC001_SignInTest@e19bb76]" started-at="2025-10-07T11:53:02 IST" name="setup" finished-at="2025-10-07T11:53:09 IST" duration-ms="6367" status="PASS">
          <params>
            <param index="0">
              <value>
                <![CDATA[Windows]]>
              </value>
            </param>
            <param index="1">
              <value>
                <![CDATA[chrome]]>
              </value>
            </param>
          </params>
          <reporter-output>
            <line>
              <![CDATA[Browser got launched...]]>
            </line>
          </reporter-output>
        </test-method> <!-- setup -->
        <test-method is-config="true" signature="login()[pri:0, instance:testCases.TC001_SignInTest@e19bb76]" started-at="2025-10-07T11:53:09 IST" name="login" finished-at="2025-10-07T11:53:19 IST" duration-ms="10477" status="PASS">
          <reporter-output>
            <line>
              <![CDATA[Clicked on Profile logo...]]>
            </line>
            <line>
              <![CDATA[Providing moblile number...]]>
            </line>
            <line>
              <![CDATA[Providing OTP...]]>
            </line>
            <line>
              <![CDATA[Validating expected message...]]>
            </line>
            <line>
              <![CDATA[Succefully naviget to Home page...]]>
            </line>
          </reporter-output>
        </test-method> <!-- login -->
        <test-method signature="verify_signin()[pri:0, instance:testCases.TC001_SignInTest@e19bb76]" started-at="2025-10-07T11:53:19 IST" name="verify_signin" finished-at="2025-10-07T11:53:19 IST" duration-ms="5" status="PASS">
          <reporter-output>
          </reporter-output>
        </test-method> <!-- verify_signin -->
        <test-method is-config="true" signature="logout()[pri:0, instance:testCases.TC001_SignInTest@e19bb76]" started-at="2025-10-07T11:53:19 IST" name="logout" finished-at="2025-10-07T11:53:20 IST" duration-ms="967" status="PASS">
          <reporter-output>
            <line>
              <![CDATA[Logout successfull...]]>
            </line>
          </reporter-output>
        </test-method> <!-- logout -->
        <test-method is-config="true" signature="teardown()[pri:0, instance:testCases.TC001_SignInTest@e19bb76]" started-at="2025-10-07T11:53:20 IST" name="teardown" finished-at="2025-10-07T11:53:20 IST" duration-ms="327" status="PASS">
          <reporter-output>
            <line>
              <![CDATA[Browser got closed...]]>
            </line>
          </reporter-output>
        </test-method> <!-- teardown -->
      </class> <!-- testCases.TC001_SignInTest -->
      <class name="testCases.TC003_SearchSearvice">
        <test-method is-config="true" signature="setup(java.lang.String,java.lang.String)[pri:0, instance:testCases.TC003_SearchSearvice@22295ec4]" started-at="2025-10-07T11:54:31 IST" name="setup" finished-at="2025-10-07T11:54:32 IST" duration-ms="861" status="PASS">
          <params>
            <param index="0">
              <value>
                <![CDATA[Windows]]>
              </value>
            </param>
            <param index="1">
              <value>
                <![CDATA[chrome]]>
              </value>
            </param>
          </params>
          <reporter-output>
            <line>
              <![CDATA[Browser got launched...]]>
            </line>
          </reporter-output>
        </test-method> <!-- setup -->
        <test-method is-config="true" signature="login()[pri:0, instance:testCases.TC003_SearchSearvice@22295ec4]" started-at="2025-10-07T11:54:32 IST" name="login" finished-at="2025-10-07T11:54:41 IST" duration-ms="8980" status="PASS">
          <reporter-output>
            <line>
              <![CDATA[Clicked on Profile logo...]]>
            </line>
            <line>
              <![CDATA[Providing moblile number...]]>
            </line>
            <line>
              <![CDATA[Providing OTP...]]>
            </line>
            <line>
              <![CDATA[Validating expected message...]]>
            </line>
            <line>
              <![CDATA[Succefully naviget to Home page...]]>
            </line>
          </reporter-output>
        </test-method> <!-- login -->
        <test-method signature="search()[pri:0, instance:testCases.TC003_SearchSearvice@22295ec4]" started-at="2025-10-07T11:54:41 IST" name="search" finished-at="2025-10-07T11:54:42 IST" duration-ms="1474" status="PASS">
          <reporter-output>
            <line>
              <![CDATA[******* Starting TC003_SearchSearvice ******]]>
            </line>
            <line>
              <![CDATA[Search for service...]]>
            </line>
            <line>
              <![CDATA[Validating expected message...]]>
            </line>
            <line>
              <![CDATA[******* Finshed TC003_SearchSearvice ******]]>
            </line>
          </reporter-output>
        </test-method> <!-- search -->
        <test-method is-config="true" signature="logout()[pri:0, instance:testCases.TC003_SearchSearvice@22295ec4]" started-at="2025-10-07T11:54:42 IST" name="logout" finished-at="2025-10-07T11:54:44 IST" duration-ms="1384" status="PASS">
          <reporter-output>
            <line>
              <![CDATA[Logout successfull...]]>
            </line>
          </reporter-output>
        </test-method> <!-- logout -->
        <test-method is-config="true" signature="teardown()[pri:0, instance:testCases.TC003_SearchSearvice@22295ec4]" started-at="2025-10-07T11:54:44 IST" name="teardown" finished-at="2025-10-07T11:54:44 IST" duration-ms="363" status="PASS">
          <reporter-output>
            <line>
              <![CDATA[Browser got closed...]]>
            </line>
          </reporter-output>
        </test-method> <!-- teardown -->
      </class> <!-- testCases.TC003_SearchSearvice -->
    </test> <!-- chrometest -->
  </suite> <!-- Suite -->
</testng-results>
